<?xml version="1.0" encoding="UTF-8"?>
<!-- Generated by org.testng.reporters.JUnitReportReporter -->
<testsuite hostname="LCE43673" failures="0" tests="1" name="uk.co.automationtesting.AppTest" time="0.008" errors="0" timestamp="2023-10-27T19:59:42 CEST" skipped="0">
  <testcase classname="uk.co.automationtesting.AppTest" name="shouldAnswerWithTrue" time="0.008"/>
</testsuite> <!-- uk.co.automationtesting.AppTest -->
